shopMobile/build/outputs/logs/manifest-merger-release-report.txt
-- Merging decision tree log ---
manifest
ADDED from src/main/AndroidManifest.xml:2:1-336:12
	package
		ADDED from src/main/AndroidManifest.xml:4:5-25
		INJECTED from src/main/AndroidManifest.xml
		INJECTED from src/main/AndroidManifest.xml
	android:versionName
		ADDED from src/main/AndroidManifest.xml:6:5-32
		INJECTED from src/main/AndroidManifest.xml
		INJECTED from src/main/AndroidManifest.xml
	xmlns:tools
		ADDED from src/main/AndroidManifest.xml:3:5-51
	android:versionCode
		ADDED from src/main/AndroidManifest.xml:5:5-28
		INJECTED from src/main/AndroidManifest.xml
		INJECTED from src/main/AndroidManifest.xml
	xmlns:android
		ADDED from src/main/AndroidManifest.xml:2:11-69
uses-sdk
ADDED from src/main/AndroidManifest.xml:8:5-10:41
MERGED from [com.android.support:multidex:1.0.1] AndroidManifest.xml:18:5-42
MERGED from [shop-car:viewPagerIndicator_library:unspecified] AndroidManifest.xml:7:5-9:40
MERGED from [com.android.support:support-v4:23.3.0] AndroidManifest.xml:20:5-43
MERGED from [shop-car:StickyGridHeaders_library:unspecified] AndroidManifest.xml:7:5-9:41
MERGED from [shop-car:magicindicator_library:unspecified] AndroidManifest.xml:8:5-10:41
MERGED from [com.android.support:appcompat-v7:23.3.0] AndroidManifest.xml:21:5-23:78
MERGED from [com.android.support:support-vector-drawable:23.3.0] AndroidManifest.xml:5:5-43
MERGED from [com.android.support:animated-vector-drawable:23.3.0] AndroidManifest.xml:5:5-44
MERGED from [shop-car:ArcProgressBar_library:unspecified] AndroidManifest.xml:7:5-9:41
MERGED from [com.android.support:design:23.3.0] AndroidManifest.xml:20:5-43
MERGED from [com.android.support:recyclerview-v7:23.3.0] AndroidManifest.xml:20:5-43
MERGED from [com.bm.photoview:library:1.4.1] AndroidManifest.xml:7:5-9:41
MERGED from [com.songhang:smart-headerfooter-recyclerview:1.0.1] AndroidManifest.xml:7:5-9:41
MERGED from [com.facebook.fresco:fresco:0.9.0] AndroidManifest.xml:5:5-7:41
MERGED from [com.facebook.fresco:drawee:0.9.0] AndroidManifest.xml:5:5-7:41
MERGED from [com.facebook.fresco:fbcore:0.9.0] AndroidManifest.xml:5:5-7:41
MERGED from [com.facebook.fresco:imagepipeline:0.9.0] AndroidManifest.xml:5:5-7:41
MERGED from [com.facebook.fresco:imagepipeline-base:0.9.0] AndroidManifest.xml:5:5-7:41
MERGED from [com.gxz.pagerslidingtabstrip:library:1.3] AndroidManifest.xml:7:5-9:41
MERGED from [com.bigkoo:convenientbanner:2.0.5] AndroidManifest.xml:7:5-44
MERGED from [com.android.support:cardview-v7:23.3.0] AndroidManifest.xml:20:5-43
MERGED from [com.truizlop.sectionedrecyclerview:library:1.2.0] AndroidManifest.xml:7:5-9:41
MERGED from [cn.jiguang.sdk:jpush:3.0.5] AndroidManifest.xml:7:5-9:41
MERGED from [cn.jiguang.sdk:jcore:1.1.2] AndroidManifest.xml:7:5-9:41
	tools:overrideLibrary
		ADDED from [com.android.support:appcompat-v7:23.3.0] AndroidManifest.xml:23:9-75
	android:targetSdkVersion
		ADDED from src/main/AndroidManifest.xml:10:9-38
		INJECTED from src/main/AndroidManifest.xml
		INJECTED from src/main/AndroidManifest.xml
	android:minSdkVersion
		ADDED from src/main/AndroidManifest.xml:9:9-35
		INJECTED from src/main/AndroidManifest.xml
		INJECTED from src/main/AndroidManifest.xml
uses-feature#android.hardware.camera
ADDED from src/main/AndroidManifest.xml:12:5-60
	android:name
		ADDED from src/main/AndroidManifest.xml:12:19-57
uses-feature#android.hardware.camera.autofocus
ADDED from src/main/AndroidManifest.xml:13:5-70
	android:name
		ADDED from src/main/AndroidManifest.xml:13:19-67
uses-permission#com.android.launcher.permission.READ_SETTINGS
ADDED from src/main/AndroidManifest.xml:15:5-85
	android:name
		ADDED from src/main/AndroidManifest.xml:15:22-82
uses-permission#android.permission.INTERNET
ADDED from src/main/AndroidManifest.xml:16:5-67
MERGED from [cn.jiguang.sdk:jpush:3.0.5] AndroidManifest.xml:18:5-67
	android:name
		ADDED from src/main/AndroidManifest.xml:16:22-64
uses-permission#android.permission.CAMERA
ADDED from src/main/AndroidManifest.xml:17:5-65
	android:name
		ADDED from src/main/AndroidManifest.xml:17:22-62
uses-permission#android.permission.WAKE_LOCK
ADDED from src/main/AndroidManifest.xml:18:5-68
MERGED from [cn.jiguang.sdk:jpush:3.0.5] AndroidManifest.xml:19:5-68
	android:name
		ADDED from src/main/AndroidManifest.xml:18:22-65
uses-permission#android.permission.RECEIVE_USER_PRESENT
ADDED from src/main/AndroidManifest.xml:19:5-79
MERGED from [cn.jiguang.sdk:jpush:3.0.5] AndroidManifest.xml:17:5-79
	android:name
		ADDED from src/main/AndroidManifest.xml:19:22-76
uses-permission#android.permission.READ_PHONE_STATE
ADDED from src/main/AndroidManifest.xml:20:5-75
MERGED from [cn.jiguang.sdk:jpush:3.0.5] AndroidManifest.xml:20:5-75
	android:name
		ADDED from src/main/AndroidManifest.xml:20:22-72
uses-permission#android.permission.WRITE_EXTERNAL_STORAGE
ADDED from src/main/AndroidManifest.xml:21:5-81
MERGED from [cn.jiguang.sdk:jpush:3.0.5] AndroidManifest.xml:21:5-81
	android:name
		ADDED from src/main/AndroidManifest.xml:21:22-78
uses-permission#android.permission.READ_EXTERNAL_STORAGE
ADDED from src/main/AndroidManifest.xml:22:5-80
MERGED from [cn.jiguang.sdk:jpush:3.0.5] AndroidManifest.xml:22:5-80
	android:name
		ADDED from src/main/AndroidManifest.xml:22:22-77
uses-permission#android.permission.VIBRATE
ADDED from src/main/AndroidManifest.xml:23:5-66
MERGED from [cn.jiguang.sdk:jpush:3.0.5] AndroidManifest.xml:24:5-66
	android:name
		ADDED from src/main/AndroidManifest.xml:23:22-63
uses-permission#android.permission.MOUNT_UNMOUNT_FILESYSTEMS
ADDED from src/main/AndroidManifest.xml:24:5-84
MERGED from [cn.jiguang.sdk:jpush:3.0.5] AndroidManifest.xml:25:5-84
	android:name
		ADDED from src/main/AndroidManifest.xml:24:22-81
uses-permission#android.permission.ACCESS_NETWORK_STATE
ADDED from src/main/AndroidManifest.xml:25:5-79
MERGED from [cn.jiguang.sdk:jpush:3.0.5] AndroidManifest.xml:26:5-79
	android:name
		ADDED from src/main/AndroidManifest.xml:25:22-76
uses-permission#android.permission.WRITE_SETTINGS
ADDED from src/main/AndroidManifest.xml:26:5-73
MERGED from [cn.jiguang.sdk:jpush:3.0.5] AndroidManifest.xml:23:5-73
	android:name
		ADDED from src/main/AndroidManifest.xml:26:22-70
uses-permission#android.permission.ACCESS_COARSE_LOCATION
ADDED from src/main/AndroidManifest.xml:27:5-81
MERGED from [cn.jiguang.sdk:jpush:3.0.5] AndroidManifest.xml:31:5-81
	android:name
		ADDED from src/main/AndroidManifest.xml:27:22-78
uses-permission#android.permission.ACCESS_WIFI_STATE
ADDED from src/main/AndroidManifest.xml:28:5-76
MERGED from [cn.jiguang.sdk:jpush:3.0.5] AndroidManifest.xml:27:5-76
	android:name
		ADDED from src/main/AndroidManifest.xml:28:22-73
uses-permission#android.permission.CHANGE_WIFI_STATE
ADDED from src/main/AndroidManifest.xml:29:5-76
MERGED from [cn.jiguang.sdk:jpush:3.0.5] AndroidManifest.xml:32:5-76
	android:name
		ADDED from src/main/AndroidManifest.xml:29:22-73
uses-permission#android.permission.ACCESS_FINE_LOCATION
ADDED from src/main/AndroidManifest.xml:30:5-79
MERGED from [cn.jiguang.sdk:jpush:3.0.5] AndroidManifest.xml:33:5-79
	android:name
		ADDED from src/main/AndroidManifest.xml:30:22-76
uses-permission#android.permission.ACCESS_LOCATION_EXTRA_COMMANDS
ADDED from src/main/AndroidManifest.xml:31:5-89
MERGED from [cn.jiguang.sdk:jpush:3.0.5] AndroidManifest.xml:34:5-89
	android:name
		ADDED from src/main/AndroidManifest.xml:31:22-86
uses-permission#android.permission.CHANGE_NETWORK_STATE
ADDED from src/main/AndroidManifest.xml:32:5-79
MERGED from [cn.jiguang.sdk:jpush:3.0.5] AndroidManifest.xml:35:5-79
	android:name
		ADDED from src/main/AndroidManifest.xml:32:22-76
uses-permission#android.permission.READ_LOGS
ADDED from src/main/AndroidManifest.xml:33:5-68
	android:name
		ADDED from src/main/AndroidManifest.xml:33:22-65
uses-permission#android.permission.CALL_PHONE
ADDED from src/main/AndroidManifest.xml:34:5-69
	android:name
		ADDED from src/main/AndroidManifest.xml:34:22-66
uses-permission#android.permission.GET_TASKS
ADDED from src/main/AndroidManifest.xml:35:5-68
	android:name
		ADDED from src/main/AndroidManifest.xml:35:22-65
uses-permission#android.permission.SET_DEBUG_APP
ADDED from src/main/AndroidManifest.xml:36:5-72
	android:name
		ADDED from src/main/AndroidManifest.xml:36:22-69
uses-permission#android.permission.SYSTEM_ALERT_WINDOW
ADDED from src/main/AndroidManifest.xml:37:5-78
MERGED from [cn.jiguang.sdk:jpush:3.0.5] AndroidManifest.xml:30:5-78
	android:name
		ADDED from src/main/AndroidManifest.xml:37:22-75
uses-permission#android.permission.GET_ACCOUNTS
ADDED from src/main/AndroidManifest.xml:39:5-71
	android:name
		ADDED from src/main/AndroidManifest.xml:39:22-68
uses-permission#android.permission.BROADCAST_STICKY
ADDED from src/main/AndroidManifest.xml:40:5-75
	android:name
		ADDED from src/main/AndroidManifest.xml:40:22-72
uses-permission#android.permission.USE_CREDENTIALS
ADDED from src/main/AndroidManifest.xml:41:5-74
	android:name
		ADDED from src/main/AndroidManifest.xml:41:22-71
uses-permission#android.permission.MANAGE_ACCOUNTS
ADDED from src/main/AndroidManifest.xml:42:5-74
	android:name
		ADDED from src/main/AndroidManifest.xml:42:22-71
uses-permission#android.permission.PROCESS_OUTGOING_CALLS
ADDED from src/main/AndroidManifest.xml:44:5-81
	android:name
		ADDED from src/main/AndroidManifest.xml:44:22-78
uses-permission#android.permission.MODIFY_AUDIO_SETTINGS
ADDED from src/main/AndroidManifest.xml:46:5-80
	android:name
		ADDED from src/main/AndroidManifest.xml:46:22-77
uses-permission#android.permission.RECORD_AUDIO
ADDED from src/main/AndroidManifest.xml:47:5-71
	android:name
		ADDED from src/main/AndroidManifest.xml:47:22-68
uses-permission#android.permission.AUTHENTICATE_ACCOUNTS
ADDED from src/main/AndroidManifest.xml:48:5-80
	android:name
		ADDED from src/main/AndroidManifest.xml:48:22-77
application
ADDED from src/main/AndroidManifest.xml:52:5-335:19
MERGED from [com.android.support:support-v4:23.3.0] AndroidManifest.xml:22:5-20
MERGED from [com.android.support:appcompat-v7:23.3.0] AndroidManifest.xml:25:5-20
MERGED from [com.android.support:support-vector-drawable:23.3.0] AndroidManifest.xml:7:5-20
MERGED from [com.android.support:animated-vector-drawable:23.3.0] AndroidManifest.xml:7:5-20
MERGED from [shop-car:ArcProgressBar_library:unspecified] AndroidManifest.xml:11:5-15:19
MERGED from [com.android.support:design:23.3.0] AndroidManifest.xml:22:5-20
MERGED from [com.bm.photoview:library:1.4.1] AndroidManifest.xml:11:5-12:19
MERGED from [com.songhang:smart-headerfooter-recyclerview:1.0.1] AndroidManifest.xml:11:5-15:19
MERGED from [com.gxz.pagerslidingtabstrip:library:1.3] AndroidManifest.xml:11:5-15:19
MERGED from [com.android.support:cardview-v7:23.3.0] AndroidManifest.xml:22:5-20
MERGED from [com.truizlop.sectionedrecyclerview:library:1.2.0] AndroidManifest.xml:11:5-12:19
MERGED from [cn.jiguang.sdk:jpush:3.0.5] AndroidManifest.xml:37:5-122:19
MERGED from [cn.jiguang.sdk:jcore:1.1.2] AndroidManifest.xml:11:5-12:19
	android:label
		ADDED from src/main/AndroidManifest.xml:57:9-41
	android:supportsRtl
		ADDED from [shop-car:ArcProgressBar_library:unspecified] AndroidManifest.xml:14:9-35
	android:hardwareAccelerated
		ADDED from src/main/AndroidManifest.xml:55:9-43
	android:allowBackup
		ADDED from src/main/AndroidManifest.xml:54:9-35
	android:icon
		ADDED from src/main/AndroidManifest.xml:56:9-41
	android:theme
		ADDED from src/main/AndroidManifest.xml:58:9-40
	android:name
		ADDED from src/main/AndroidManifest.xml:53:9-51
activity#com.yw.car.SPMainActivity
ADDED from src/main/AndroidManifest.xml:59:9-63:72
	android:label
		ADDED from src/main/AndroidManifest.xml:61:13-45
	android:launchMode
		ADDED from src/main/AndroidManifest.xml:62:13-44
	android:theme
		ADDED from src/main/AndroidManifest.xml:63:13-69
	android:name
		ADDED from src/main/AndroidManifest.xml:60:13-43
activity#com.yw.car.WelcomeActivity
ADDED from src/main/AndroidManifest.xml:64:9-66:74
	android:theme
		ADDED from src/main/AndroidManifest.xml:66:13-71
	android:name
		ADDED from src/main/AndroidManifest.xml:65:13-44
activity#com.yw.car.SplashActivity
ADDED from src/main/AndroidManifest.xml:67:9-74:20
	android:theme
		ADDED from src/main/AndroidManifest.xml:69:13-69
	android:name
		ADDED from src/main/AndroidManifest.xml:68:13-43
intent-filter#android.intent.action.MAIN+android.intent.category.LAUNCHER
ADDED from src/main/AndroidManifest.xml:70:13-73:29
action#android.intent.action.MAIN
ADDED from src/main/AndroidManifest.xml:71:17-69
	android:name
		ADDED from src/main/AndroidManifest.xml:71:25-66
category#android.intent.category.LAUNCHER
ADDED from src/main/AndroidManifest.xml:72:17-77
	android:name
		ADDED from src/main/AndroidManifest.xml:72:27-74
activity#com.yw.car.activity.person.user.SPSaveCarInfoActivity_
ADDED from src/main/AndroidManifest.xml:75:9-77:20
	android:name
		ADDED from src/main/AndroidManifest.xml:75:19-78
provider#android.support.v4.content.FileProvider
ADDED from src/main/AndroidManifest.xml:79:9-87:20
	android:authorities
		ADDED from src/main/AndroidManifest.xml:81:13-58
	android:grantUriPermissions
		ADDED from src/main/AndroidManifest.xml:83:13-47
	android:exported
		ADDED from src/main/AndroidManifest.xml:82:13-37
	android:name
		ADDED from src/main/AndroidManifest.xml:80:13-67
meta-data#android.support.FILE_PROVIDER_PATHS
ADDED from src/main/AndroidManifest.xml:84:13-86:54
	android:resource
		ADDED from src/main/AndroidManifest.xml:86:17-51
	android:name
		ADDED from src/main/AndroidManifest.xml:85:17-67
activity#com.yw.car.activity.person.address.SPConsigneeAddressEditActivity_
ADDED from src/main/AndroidManifest.xml:89:9-91:48
	android:label
		ADDED from src/main/AndroidManifest.xml:91:13-45
	android:name
		ADDED from src/main/AndroidManifest.xml:90:13-84
activity#com.yw.car.activity.person.address.SPCitySelectActivity_
ADDED from src/main/AndroidManifest.xml:92:9-94:48
	android:label
		ADDED from src/main/AndroidManifest.xml:94:13-45
	android:name
		ADDED from src/main/AndroidManifest.xml:93:13-74
activity#com.yw.car.activity.shop.SPProductListActivity
ADDED from src/main/AndroidManifest.xml:95:9-97:48
	android:label
		ADDED from src/main/AndroidManifest.xml:97:13-45
	android:name
		ADDED from src/main/AndroidManifest.xml:96:13-64
activity#com.yw.car.activity.shop.SPProductListSearchResultActivity
ADDED from src/main/AndroidManifest.xml:98:9-85
	android:name
		ADDED from src/main/AndroidManifest.xml:98:19-82
activity#com.yw.car.activity.shop.SPProductDetailActivity_
ADDED from src/main/AndroidManifest.xml:99:9-102:72
	android:label
		ADDED from src/main/AndroidManifest.xml:101:13-57
	android:theme
		ADDED from src/main/AndroidManifest.xml:102:13-69
	android:name
		ADDED from src/main/AndroidManifest.xml:100:13-67
activity#com.yw.car.activity.shop.SPConfirmOrderActivity_
ADDED from src/main/AndroidManifest.xml:103:9-106:73
	android:label
		ADDED from src/main/AndroidManifest.xml:105:13-67
	android:windowSoftInputMode
		ADDED from src/main/AndroidManifest.xml:106:13-70
	android:name
		ADDED from src/main/AndroidManifest.xml:104:13-66
activity#com.yw.car.activity.shop.SPConfirmVirtualOrderActivity_
ADDED from src/main/AndroidManifest.xml:108:9-110:67
	android:windowSoftInputMode
		ADDED from src/main/AndroidManifest.xml:110:13-64
	android:name
		ADDED from src/main/AndroidManifest.xml:109:13-73
activity#com.yw.car.activity.person.address.SPConsigneeAddressListActivity_
ADDED from src/main/AndroidManifest.xml:111:9-113:60
	android:label
		ADDED from src/main/AndroidManifest.xml:113:13-57
	android:name
		ADDED from src/main/AndroidManifest.xml:112:13-84
activity#com.yw.car.activity.common.SPTextAreaViewActivity_
ADDED from src/main/AndroidManifest.xml:114:9-77
	android:name
		ADDED from src/main/AndroidManifest.xml:114:19-74
activity#com.yw.car.activity.common.SPPayListActivity_
ADDED from src/main/AndroidManifest.xml:115:9-72
	android:name
		ADDED from src/main/AndroidManifest.xml:115:19-69
activity#com.yw.car.activity.person.order.SPOrderListActivity_
ADDED from src/main/AndroidManifest.xml:116:9-80
	android:name
		ADDED from src/main/AndroidManifest.xml:116:19-77
activity#com.yw.car.activity.person.order.SPOrderDetailActivity_
ADDED from src/main/AndroidManifest.xml:117:9-82
	android:name
		ADDED from src/main/AndroidManifest.xml:117:19-79
activity#com.yw.car.activity.shop.SPProductShowListActivity_
ADDED from src/main/AndroidManifest.xml:118:9-78
	android:name
		ADDED from src/main/AndroidManifest.xml:118:19-75
activity#com.yw.car.activity.person.SPCollectListActivity_
ADDED from src/main/AndroidManifest.xml:119:9-76
	android:name
		ADDED from src/main/AndroidManifest.xml:119:19-73
activity#com.yw.car.activity.person.SPSettingListActivity_
ADDED from src/main/AndroidManifest.xml:120:9-76
	android:name
		ADDED from src/main/AndroidManifest.xml:120:19-73
activity#com.yw.car.activity.person.SPTypeSelectActivity_
ADDED from src/main/AndroidManifest.xml:121:9-75
	android:name
		ADDED from src/main/AndroidManifest.xml:121:19-72
activity#com.yw.car.activity.person.order.SPCommentCenterActivity_
ADDED from src/main/AndroidManifest.xml:122:9-84
	android:name
		ADDED from src/main/AndroidManifest.xml:122:19-81
activity#com.yw.car.activity.maintain.SPWeiZhangSFActivity_
ADDED from src/main/AndroidManifest.xml:123:9-77
	android:name
		ADDED from src/main/AndroidManifest.xml:123:19-74
activity#com.yw.car.activity.maintain.SPWeiZhangCityActivity_
ADDED from src/main/AndroidManifest.xml:124:9-79
	android:name
		ADDED from src/main/AndroidManifest.xml:124:19-76
activity#com.yw.car.activity.common.SPSearchCommonActivity_
ADDED from src/main/AndroidManifest.xml:125:9-127:40
	android:noHistory
		ADDED from src/main/AndroidManifest.xml:127:13-37
	android:name
		ADDED from src/main/AndroidManifest.xml:126:13-68
activity#com.soubao.spmobile.SPMobileActivity
ADDED from src/main/AndroidManifest.xml:128:9-73
	android:name
		ADDED from src/main/AndroidManifest.xml:128:19-70
activity#com.yw.car.activity.common.SPCommonWebActivity
ADDED from src/main/AndroidManifest.xml:129:9-131:67
	android:windowSoftInputMode
		ADDED from src/main/AndroidManifest.xml:131:13-64
	android:name
		ADDED from src/main/AndroidManifest.xml:130:13-64
activity#com.yw.car.activity.shop.SPCommodityEvaluationActivity_
ADDED from src/main/AndroidManifest.xml:132:9-82
	android:name
		ADDED from src/main/AndroidManifest.xml:132:19-79
activity#com.yw.car.activity.person.SPCouponListActivity_
ADDED from src/main/AndroidManifest.xml:133:9-75
	android:name
		ADDED from src/main/AndroidManifest.xml:133:19-72
activity#com.yw.car.activity.person.SPCouponCenterActivity_
ADDED from src/main/AndroidManifest.xml:134:9-77
	android:name
		ADDED from src/main/AndroidManifest.xml:134:19-74
activity#com.yw.car.activity.shop.SPStoreAboutActivity_
ADDED from src/main/AndroidManifest.xml:135:9-73
	android:name
		ADDED from src/main/AndroidManifest.xml:135:19-70
activity#com.yw.car.activity.shop.SPStoreHomeActivity_
ADDED from src/main/AndroidManifest.xml:136:9-72
	android:name
		ADDED from src/main/AndroidManifest.xml:136:19-69
activity#com.yw.car.activity.shop.SPStoreGoodsClassActivity_
ADDED from src/main/AndroidManifest.xml:137:9-78
	android:name
		ADDED from src/main/AndroidManifest.xml:137:19-75
activity#com.yw.car.activity.shop.SPStoreProductListActivity
ADDED from src/main/AndroidManifest.xml:138:9-78
	android:name
		ADDED from src/main/AndroidManifest.xml:138:19-75
activity#com.yw.car.activity.shop.SPBrandStreetActivity_
ADDED from src/main/AndroidManifest.xml:139:9-74
	android:name
		ADDED from src/main/AndroidManifest.xml:139:19-71
activity#com.yw.car.activity.shop.SPStoreStreetActivity_
ADDED from src/main/AndroidManifest.xml:140:9-74
	android:name
		ADDED from src/main/AndroidManifest.xml:140:19-71
activity#com.yw.car.activity.shop.SPStoreMapActivity_
ADDED from src/main/AndroidManifest.xml:141:9-71
	android:name
		ADDED from src/main/AndroidManifest.xml:141:19-68
activity#com.yw.car.activity.shop.SPAmbitusActivity_
ADDED from src/main/AndroidManifest.xml:142:9-70
	android:name
		ADDED from src/main/AndroidManifest.xml:142:19-67
activity#com.yw.car.activity.shop.SPFlashSaleActivity_
ADDED from src/main/AndroidManifest.xml:143:9-72
	android:name
		ADDED from src/main/AndroidManifest.xml:143:19-69
activity#com.yw.car.activity.shop.SPGoodsPromoteActivity_
ADDED from src/main/AndroidManifest.xml:144:9-75
	android:name
		ADDED from src/main/AndroidManifest.xml:144:19-72
activity#com.yw.car.activity.maintain.SPSmallMainTainActivity_
ADDED from src/main/AndroidManifest.xml:145:9-80
	android:name
		ADDED from src/main/AndroidManifest.xml:145:19-77
activity#com.yw.car.activity.maintain.SPBigMainTainActivity_
ADDED from src/main/AndroidManifest.xml:146:9-78
	android:name
		ADDED from src/main/AndroidManifest.xml:146:19-75
activity#com.yw.car.activity.maintain.SPCarServicePointActivity_
ADDED from src/main/AndroidManifest.xml:147:9-82
	android:name
		ADDED from src/main/AndroidManifest.xml:147:19-79
activity#com.yw.car.activity.maintain.SPSuccessActivity_
ADDED from src/main/AndroidManifest.xml:148:9-74
	android:name
		ADDED from src/main/AndroidManifest.xml:148:19-71
activity#com.yw.car.activity.maintain.SPMainTainActivity_
ADDED from src/main/AndroidManifest.xml:149:9-75
	android:name
		ADDED from src/main/AndroidManifest.xml:149:19-72
activity#com.yw.car.activity.maintain.SPWeiZhangAcitivty_
ADDED from src/main/AndroidManifest.xml:150:9-75
	android:name
		ADDED from src/main/AndroidManifest.xml:150:19-72
activity#com.yw.car.activity.maintain.SPCarTypeActivity_
ADDED from src/main/AndroidManifest.xml:151:9-74
	android:name
		ADDED from src/main/AndroidManifest.xml:151:19-71
activity#com.yw.car.activity.maintain.SPModelTypeActivity_
ADDED from src/main/AndroidManifest.xml:152:9-76
	android:name
		ADDED from src/main/AndroidManifest.xml:152:19-73
activity#com.yw.car.activity.maintain.SPNianFenActivity_
ADDED from src/main/AndroidManifest.xml:153:9-74
	android:name
		ADDED from src/main/AndroidManifest.xml:153:19-71
activity#com.yw.car.activity.maintain.SPShengFenActivity_
ADDED from src/main/AndroidManifest.xml:154:9-75
	android:name
		ADDED from src/main/AndroidManifest.xml:154:19-72
activity#com.yw.car.activity.maintain.SPSecodeCarActivity_
ADDED from src/main/AndroidManifest.xml:155:9-76
	android:name
		ADDED from src/main/AndroidManifest.xml:155:19-73
activity#com.yw.car.activity.maintain.SPAssessCityActivity_
ADDED from src/main/AndroidManifest.xml:156:9-77
	android:name
		ADDED from src/main/AndroidManifest.xml:156:19-74
activity#com.yw.car.activity.maintain.SPCarBrandActivity_
ADDED from src/main/AndroidManifest.xml:157:9-75
	android:name
		ADDED from src/main/AndroidManifest.xml:157:19-72
activity#com.yw.car.activity.maintain.SPCarXiLieActivity_
ADDED from src/main/AndroidManifest.xml:158:9-75
	android:name
		ADDED from src/main/AndroidManifest.xml:158:19-72
activity#com.yw.car.activity.maintain.SPCheXingActivity_
ADDED from src/main/AndroidManifest.xml:159:9-74
	android:name
		ADDED from src/main/AndroidManifest.xml:159:19-71
activity#com.yw.car.activity.maintain.SPBaoXianActivity_
ADDED from src/main/AndroidManifest.xml:160:9-74
	android:name
		ADDED from src/main/AndroidManifest.xml:160:19-71
activity#com.yw.car.activity.baidu.SPBNGuideActivity
ADDED from src/main/AndroidManifest.xml:161:9-70
	android:name
		ADDED from src/main/AndroidManifest.xml:161:19-67
activity#com.yw.car.activity.shop.SPOrderInvoceActivity_
ADDED from src/main/AndroidManifest.xml:162:9-164:67
	android:windowSoftInputMode
		ADDED from src/main/AndroidManifest.xml:164:13-64
	android:name
		ADDED from src/main/AndroidManifest.xml:163:13-65
activity#com.yw.car.activity.common.SPImagePreviewActivity_
ADDED from src/main/AndroidManifest.xml:165:9-167:75
	android:theme
		ADDED from src/main/AndroidManifest.xml:167:13-72
	android:name
		ADDED from src/main/AndroidManifest.xml:166:13-68
service#com.baidu.location.f
ADDED from src/main/AndroidManifest.xml:169:9-172:41
	android:enabled
		ADDED from src/main/AndroidManifest.xml:171:13-35
	android:process
		ADDED from src/main/AndroidManifest.xml:172:13-38
	android:name
		ADDED from src/main/AndroidManifest.xml:170:13-48
meta-data#com.baidu.lbsapi.API_KEY
ADDED from src/main/AndroidManifest.xml:174:9-176:64
	android:value
		ADDED from src/main/AndroidManifest.xml:176:13-61
	android:name
		ADDED from src/main/AndroidManifest.xml:175:13-52
meta-data#com.baidu.speech.APP_ID
ADDED from src/main/AndroidManifest.xml:177:9-179:40
	android:value
		ADDED from src/main/AndroidManifest.xml:179:13-37
	android:name
		ADDED from src/main/AndroidManifest.xml:178:13-51
meta-data#com.baidu.speech.API_KEY
ADDED from src/main/AndroidManifest.xml:180:9-182:64
	android:value
		ADDED from src/main/AndroidManifest.xml:182:13-61
	android:name
		ADDED from src/main/AndroidManifest.xml:181:13-52
meta-data#com.baidu.speech.SECRET_KEY
ADDED from src/main/AndroidManifest.xml:183:9-185:64
	android:value
		ADDED from src/main/AndroidManifest.xml:185:13-61
	android:name
		ADDED from src/main/AndroidManifest.xml:184:13-55
activity#com.yw.car.wxapi.WXEntryActivity
ADDED from src/main/AndroidManifest.xml:189:9-194:75
	android:screenOrientation
		ADDED from src/main/AndroidManifest.xml:193:13-49
	android:exported
		ADDED from src/main/AndroidManifest.xml:192:13-36
	android:configChanges
		ADDED from src/main/AndroidManifest.xml:191:13-74
	android:theme
		ADDED from src/main/AndroidManifest.xml:194:13-72
	android:name
		ADDED from src/main/AndroidManifest.xml:190:13-50
activity#com.umeng.qq.tencent.AuthActivity
ADDED from src/main/AndroidManifest.xml:196:9-206:20
	android:launchMode
		ADDED from src/main/AndroidManifest.xml:198:13-44
	android:noHistory
		ADDED from src/main/AndroidManifest.xml:199:13-37
	android:name
		ADDED from src/main/AndroidManifest.xml:197:13-61
intent-filter#android.intent.action.VIEW+android.intent.category.BROWSABLE+android.intent.category.DEFAULT
ADDED from src/main/AndroidManifest.xml:200:13-205:29
	tools:ignore
		ADDED from src/main/AndroidManifest.xml:200:28-58
action#android.intent.action.VIEW
ADDED from src/main/AndroidManifest.xml:201:17-69
	android:name
		ADDED from src/main/AndroidManifest.xml:201:25-66
category#android.intent.category.DEFAULT
ADDED from src/main/AndroidManifest.xml:203:17-76
	android:name
		ADDED from src/main/AndroidManifest.xml:203:27-73
category#android.intent.category.BROWSABLE
ADDED from src/main/AndroidManifest.xml:204:17-78
	android:name
		ADDED from src/main/AndroidManifest.xml:204:27-75
activity#com.umeng.qq.tencent.AssistActivity
ADDED from src/main/AndroidManifest.xml:207:9-211:75
	android:screenOrientation
		ADDED from src/main/AndroidManifest.xml:210:13-49
	android:configChanges
		ADDED from src/main/AndroidManifest.xml:209:13-74
	android:theme
		ADDED from src/main/AndroidManifest.xml:211:13-72
	android:name
		ADDED from src/main/AndroidManifest.xml:208:13-63
activity#com.alipay.sdk.app.H5PayActivity
ADDED from src/main/AndroidManifest.xml:213:9-218:70
	android:screenOrientation
		ADDED from src/main/AndroidManifest.xml:217:13-47
	android:exported
		ADDED from src/main/AndroidManifest.xml:216:13-37
	android:windowSoftInputMode
		ADDED from src/main/AndroidManifest.xml:218:13-67
	android:configChanges
		ADDED from src/main/AndroidManifest.xml:215:13-85
	android:name
		ADDED from src/main/AndroidManifest.xml:214:13-60
activity#com.yw.car.activity.person.user.SPLoginActivity_
ADDED from src/main/AndroidManifest.xml:220:9-222:47
	android:launchMode
		ADDED from src/main/AndroidManifest.xml:222:13-44
	android:name
		ADDED from src/main/AndroidManifest.xml:221:13-66
activity#com.yw.car.activity.person.user.SPUserDetailsActivity_
ADDED from src/main/AndroidManifest.xml:223:9-81
	android:name
		ADDED from src/main/AndroidManifest.xml:223:19-78
activity#com.yw.car.activity.person.user.SPModifyPasswordActivity_
ADDED from src/main/AndroidManifest.xml:224:9-84
	android:name
		ADDED from src/main/AndroidManifest.xml:224:19-81
activity#com.yw.car.activity.common.SPPushMessageListActivity_
ADDED from src/main/AndroidManifest.xml:225:9-80
	android:name
		ADDED from src/main/AndroidManifest.xml:225:19-77
activity#com.yw.car.activity.person.user.SPRegisterActivity_
ADDED from src/main/AndroidManifest.xml:226:9-78
	android:name
		ADDED from src/main/AndroidManifest.xml:226:19-75
activity#com.yw.car.activity.person.user.SPMessageSettingsActivity_
ADDED from src/main/AndroidManifest.xml:227:9-85
	android:name
		ADDED from src/main/AndroidManifest.xml:227:19-82
activity#com.yw.car.activity.person.user.SPMessageCenterActivity_
ADDED from src/main/AndroidManifest.xml:228:9-83
	android:name
		ADDED from src/main/AndroidManifest.xml:228:19-80
activity#com.yw.car.activity.person.user.SPPayPwdActivity_
ADDED from src/main/AndroidManifest.xml:229:9-76
	android:name
		ADDED from src/main/AndroidManifest.xml:229:19-73
activity#com.yw.car.activity.person.user.SPBindAccountActivity_
ADDED from src/main/AndroidManifest.xml:230:9-81
	android:name
		ADDED from src/main/AndroidManifest.xml:230:19-78
activity#com.yw.car.activity.person.user.SPAssociatedAccountActivity_
ADDED from src/main/AndroidManifest.xml:231:9-87
	android:name
		ADDED from src/main/AndroidManifest.xml:231:19-84
activity#com.yw.car.activity.person.user.SPMessageNoticeFragmentActivity_
ADDED from src/main/AndroidManifest.xml:233:9-237:39
	android:excludeFromRecents
		ADDED from src/main/AndroidManifest.xml:235:13-46
	android:launchMode
		ADDED from src/main/AndroidManifest.xml:236:13-44
	android:taskAffinity
		ADDED from src/main/AndroidManifest.xml:237:13-36
	android:name
		ADDED from src/main/AndroidManifest.xml:234:13-82
activity#com.yw.car.activity.shop.SPIntegralMallActivity_
ADDED from src/main/AndroidManifest.xml:238:9-75
	android:name
		ADDED from src/main/AndroidManifest.xml:238:19-72
activity#com.yw.car.zxing.MipcaActivityCapture
ADDED from src/main/AndroidManifest.xml:239:9-244:63
	android:screenOrientation
		ADDED from src/main/AndroidManifest.xml:242:13-49
	android:windowSoftInputMode